[1/2] "C:/Program Files/Microsoft Visual Studio/2022/Community/Common7/IDE/CommonExtensions/Microsoft/CMake/CMake/bin/cmake.exe" -E chdir ".." "C:/Program Files/Microsoft Visual Studio/2022/Community/Common7/IDE/CommonExtensions/Microsoft/CMake/CMake/bin/cmake.exe" "C:/Users/Nathan/Documents/GitHub/SHMUP after GC/config/vcpkg_installed/vcpkg/blds/libflac/src/1.4.3-00043104ae.clean" "-G" "Ninja" "-DCMAKE_BUILD_TYPE=Release" "-DCMAKE_INSTALL_PREFIX=C:/Users/Nathan/Documents/GitHub/SHMUP after GC/config/vcpkg_installed/vcpkg/pkgs/libflac_x64-windows" "-DFETCHCONTENT_FULLY_DISCONNECTED=ON" "-DWITH_ASM=OFF" "-DWITH_STACK_PROTECTOR=ON" "-DBUILD_PROGRAMS=OFF" "-DBUILD_EXAMPLES=OFF" "-DBUILD_DOCS=OFF" "-DBUILD_TESTING=OFF" "-DINSTALL_MANPAGES=OFF" "-DCMAKE_MAKE_PROGRAM=C:/Program Files/Microsoft Visual Studio/2022/Community/Common7/IDE/CommonExtensions/Microsoft/CMake/Ninja/ninja.exe" "-DBUILD_SHARED_LIBS=ON" "-DVCPKG_CHAINLOAD_TOOLCHAIN_FILE=C:/Program Files/Microsoft Visual Studio/2022/Community/VC/vcpkg/scripts/toolchains/windows.cmake" "-DVCPKG_TARGET_TRIPLET=x64-windows" "-DVCPKG_SET_CHARSET_FLAG=ON" "-DVCPKG_PLATFORM_TOOLSET=v143" "-DCMAKE_EXPORT_NO_PACKAGE_REGISTRY=ON" "-DCMAKE_FIND_PACKAGE_NO_PACKAGE_REGISTRY=ON" "-DCMAKE_FIND_PACKAGE_NO_SYSTEM_PACKAGE_REGISTRY=ON" "-DCMAKE_INSTALL_SYSTEM_RUNTIME_LIBS_SKIP=TRUE" "-DCMAKE_VERBOSE_MAKEFILE=ON" "-DVCPKG_APPLOCAL_DEPS=OFF" "-DCMAKE_TOOLCHAIN_FILE=C:/Program Files/Microsoft Visual Studio/2022/Community/VC/vcpkg/scripts/buildsystems/vcpkg.cmake" "-DCMAKE_ERROR_ON_ABSOLUTE_INSTALL_DESTINATION=ON" "-DVCPKG_CXX_FLAGS=" "-DVCPKG_CXX_FLAGS_RELEASE=" "-DVCPKG_CXX_FLAGS_DEBUG=" "-DVCPKG_C_FLAGS=" "-DVCPKG_C_FLAGS_RELEASE=" "-DVCPKG_C_FLAGS_DEBUG=" "-DVCPKG_CRT_LINKAGE=dynamic" "-DVCPKG_LINKER_FLAGS=" "-DVCPKG_LINKER_FLAGS_RELEASE=" "-DVCPKG_LINKER_FLAGS_DEBUG=" "-DVCPKG_TARGET_ARCHITECTURE=x64" "-DCMAKE_INSTALL_LIBDIR:STRING=lib" "-DCMAKE_INSTALL_BINDIR:STRING=bin" "-D_VCPKG_ROOT_DIR=C:/Program Files/Microsoft Visual Studio/2022/Community/VC/vcpkg" "-D_VCPKG_INSTALLED_DIR=C:/Users/Nathan/Documents/GitHub/SHMUP after GC/config/vcpkg_installed" "-DVCPKG_MANIFEST_INSTALL=OFF"
CMake Deprecation Warning at CMakeLists.txt:5 (cmake_minimum_required):
  Compatibility with CMake < 3.10 will be removed from a future version of
  CMake.

  Update the VERSION argument <min> value.  Or, use the <min>...<max> syntax
  to tell CMake that the project requires at least <min> but has been updated
  to work with policies introduced by <max> or earlier.


-- The C compiler identification is MSVC 19.44.35207.1
-- The CXX compiler identification is MSVC 19.44.35207.1
-- Detecting C compiler ABI info
-- Detecting C compiler ABI info - done
-- Check for working C compiler: C:/Program Files/Microsoft Visual Studio/2022/Community/VC/Tools/MSVC/14.44.35207/bin/Hostx64/x64/cl.exe - skipped
-- Detecting C compile features
-- Detecting C compile features - done
-- Detecting CXX compiler ABI info
-- Detecting CXX compiler ABI info - done
-- Check for working CXX compiler: C:/Program Files/Microsoft Visual Studio/2022/Community/VC/Tools/MSVC/14.44.35207/bin/Hostx64/x64/cl.exe - skipped
-- Detecting CXX compile features
-- Detecting CXX compile features - done
-- Could NOT find PkgConfig (missing: PKG_CONFIG_EXECUTABLE) 
-- Found Ogg: C:/Users/Nathan/Documents/GitHub/SHMUP after GC/config/vcpkg_installed/x64-windows/include (found version "")
-- Performing Test HAVE_MBSTATE
-- Performing Test HAVE_MBSTATE - Success
-- Performing Test DODEFINE_EXTENSIONS
-- Performing Test DODEFINE_EXTENSIONS - Success
-- Looking for byteswap.h
-- Looking for byteswap.h - not found
-- Looking for inttypes.h
-- Looking for inttypes.h - found
-- Looking for stdint.h
-- Looking for stdint.h - found
-- Looking for stdbool.h
-- Looking for stdbool.h - found
-- Looking for arm_neon.h
-- Looking for arm_neon.h - not found
-- Looking for intrin.h
-- Looking for intrin.h - found
-- Looking for fseeko
-- Looking for fseeko - not found
-- Performing Test HAVE_BSWAP16
-- Performing Test HAVE_BSWAP16 - Failed
-- Performing Test HAVE_BSWAP32
-- Performing Test HAVE_BSWAP32 - Failed
-- Performing Test HAVE_LANGINFO_CODESET
-- Performing Test HAVE_LANGINFO_CODESET - Failed
-- Performing Test HAVE_WERROR_FLAG
-- Performing Test HAVE_WERROR_FLAG - Failed
-- Performing Test HAVE_DECL_AFTER_STMT_FLAG
-- Performing Test HAVE_DECL_AFTER_STMT_FLAG - Failed
-- Performing Test HAVE_STACKREALIGN_FLAG
-- Performing Test HAVE_STACKREALIGN_FLAG - Failed
-- Performing Test HAVE_WEFFCXX_FLAG
-- Performing Test HAVE_WEFFCXX_FLAG - Failed
-- Looking for cpuid.h
-- Looking for cpuid.h - not found
-- Looking for sys/param.h
-- Looking for sys/param.h - not found
-- Looking for lround
-- Looking for lround - not found
-- Check CPU architecture is x64
-- Check CPU architecture is x64 - yes
-- Performing Test HAVE_ASSOC_MATH
-- Performing Test HAVE_ASSOC_MATH - Failed
-- Looking for string.h
-- Looking for string.h - found
-- Configuring done (8.6s)
-- Generating done (0.2s)
CMake Warning:
  Manually-specified variables were not used by the project:

    FETCHCONTENT_FULLY_DISCONNECTED
    _VCPKG_ROOT_DIR


-- Build files have been written to: C:/Users/Nathan/Documents/GitHub/SHMUP after GC/config/vcpkg_installed/vcpkg/blds/libflac/x64-windows-rel
[2/2] "C:/Program Files/Microsoft Visual Studio/2022/Community/Common7/IDE/CommonExtensions/Microsoft/CMake/CMake/bin/cmake.exe" -E chdir "../../x64-windows-dbg" "C:/Program Files/Microsoft Visual Studio/2022/Community/Common7/IDE/CommonExtensions/Microsoft/CMake/CMake/bin/cmake.exe" "C:/Users/Nathan/Documents/GitHub/SHMUP after GC/config/vcpkg_installed/vcpkg/blds/libflac/src/1.4.3-00043104ae.clean" "-G" "Ninja" "-DCMAKE_BUILD_TYPE=Debug" "-DCMAKE_INSTALL_PREFIX=C:/Users/Nathan/Documents/GitHub/SHMUP after GC/config/vcpkg_installed/vcpkg/pkgs/libflac_x64-windows/debug" "-DFETCHCONTENT_FULLY_DISCONNECTED=ON" "-DWITH_ASM=OFF" "-DWITH_STACK_PROTECTOR=ON" "-DBUILD_PROGRAMS=OFF" "-DBUILD_EXAMPLES=OFF" "-DBUILD_DOCS=OFF" "-DBUILD_TESTING=OFF" "-DINSTALL_MANPAGES=OFF" "-DCMAKE_MAKE_PROGRAM=C:/Program Files/Microsoft Visual Studio/2022/Community/Common7/IDE/CommonExtensions/Microsoft/CMake/Ninja/ninja.exe" "-DBUILD_SHARED_LIBS=ON" "-DVCPKG_CHAINLOAD_TOOLCHAIN_FILE=C:/Program Files/Microsoft Visual Studio/2022/Community/VC/vcpkg/scripts/toolchains/windows.cmake" "-DVCPKG_TARGET_TRIPLET=x64-windows" "-DVCPKG_SET_CHARSET_FLAG=ON" "-DVCPKG_PLATFORM_TOOLSET=v143" "-DCMAKE_EXPORT_NO_PACKAGE_REGISTRY=ON" "-DCMAKE_FIND_PACKAGE_NO_PACKAGE_REGISTRY=ON" "-DCMAKE_FIND_PACKAGE_NO_SYSTEM_PACKAGE_REGISTRY=ON" "-DCMAKE_INSTALL_SYSTEM_RUNTIME_LIBS_SKIP=TRUE" "-DCMAKE_VERBOSE_MAKEFILE=ON" "-DVCPKG_APPLOCAL_DEPS=OFF" "-DCMAKE_TOOLCHAIN_FILE=C:/Program Files/Microsoft Visual Studio/2022/Community/VC/vcpkg/scripts/buildsystems/vcpkg.cmake" "-DCMAKE_ERROR_ON_ABSOLUTE_INSTALL_DESTINATION=ON" "-DVCPKG_CXX_FLAGS=" "-DVCPKG_CXX_FLAGS_RELEASE=" "-DVCPKG_CXX_FLAGS_DEBUG=" "-DVCPKG_C_FLAGS=" "-DVCPKG_C_FLAGS_RELEASE=" "-DVCPKG_C_FLAGS_DEBUG=" "-DVCPKG_CRT_LINKAGE=dynamic" "-DVCPKG_LINKER_FLAGS=" "-DVCPKG_LINKER_FLAGS_RELEASE=" "-DVCPKG_LINKER_FLAGS_DEBUG=" "-DVCPKG_TARGET_ARCHITECTURE=x64" "-DCMAKE_INSTALL_LIBDIR:STRING=lib" "-DCMAKE_INSTALL_BINDIR:STRING=bin" "-D_VCPKG_ROOT_DIR=C:/Program Files/Microsoft Visual Studio/2022/Community/VC/vcpkg" "-D_VCPKG_INSTALLED_DIR=C:/Users/Nathan/Documents/GitHub/SHMUP after GC/config/vcpkg_installed" "-DVCPKG_MANIFEST_INSTALL=OFF"
CMake Deprecation Warning at CMakeLists.txt:5 (cmake_minimum_required):
  Compatibility with CMake < 3.10 will be removed from a future version of
  CMake.

  Update the VERSION argument <min> value.  Or, use the <min>...<max> syntax
  to tell CMake that the project requires at least <min> but has been updated
  to work with policies introduced by <max> or earlier.


-- The C compiler identification is MSVC 19.44.35207.1
-- The CXX compiler identification is MSVC 19.44.35207.1
-- Detecting C compiler ABI info
-- Detecting C compiler ABI info - done
-- Check for working C compiler: C:/Program Files/Microsoft Visual Studio/2022/Community/VC/Tools/MSVC/14.44.35207/bin/Hostx64/x64/cl.exe - skipped
-- Detecting C compile features
-- Detecting C compile features - done
-- Detecting CXX compiler ABI info
-- Detecting CXX compiler ABI info - done
-- Check for working CXX compiler: C:/Program Files/Microsoft Visual Studio/2022/Community/VC/Tools/MSVC/14.44.35207/bin/Hostx64/x64/cl.exe - skipped
-- Detecting CXX compile features
-- Detecting CXX compile features - done
-- Could NOT find PkgConfig (missing: PKG_CONFIG_EXECUTABLE) 
-- Found Ogg: C:/Users/Nathan/Documents/GitHub/SHMUP after GC/config/vcpkg_installed/x64-windows/include (found version "")
-- Performing Test HAVE_MBSTATE
-- Performing Test HAVE_MBSTATE - Success
-- Performing Test DODEFINE_EXTENSIONS
-- Performing Test DODEFINE_EXTENSIONS - Success
-- Looking for byteswap.h
-- Looking for byteswap.h - not found
-- Looking for inttypes.h
-- Looking for inttypes.h - found
-- Looking for stdint.h
-- Looking for stdint.h - found
-- Looking for stdbool.h
-- Looking for stdbool.h - found
-- Looking for arm_neon.h
-- Looking for arm_neon.h - not found
-- Looking for intrin.h
-- Looking for intrin.h - found
-- Looking for fseeko
-- Looking for fseeko - not found
-- Performing Test HAVE_BSWAP16
-- Performing Test HAVE_BSWAP16 - Failed
-- Performing Test HAVE_BSWAP32
-- Performing Test HAVE_BSWAP32 - Failed
-- Performing Test HAVE_LANGINFO_CODESET
-- Performing Test HAVE_LANGINFO_CODESET - Failed
-- Performing Test HAVE_WERROR_FLAG
-- Performing Test HAVE_WERROR_FLAG - Failed
-- Performing Test HAVE_DECL_AFTER_STMT_FLAG
-- Performing Test HAVE_DECL_AFTER_STMT_FLAG - Failed
-- Performing Test HAVE_STACKREALIGN_FLAG
-- Performing Test HAVE_STACKREALIGN_FLAG - Failed
-- Performing Test HAVE_WEFFCXX_FLAG
-- Performing Test HAVE_WEFFCXX_FLAG - Failed
-- Looking for cpuid.h
-- Looking for cpuid.h - not found
-- Looking for sys/param.h
-- Looking for sys/param.h - not found
-- Looking for lround
-- Looking for lround - not found
-- Check CPU architecture is x64
-- Check CPU architecture is x64 - yes
-- Performing Test HAVE_ASSOC_MATH
-- Performing Test HAVE_ASSOC_MATH - Failed
-- Looking for string.h
-- Looking for string.h - found
-- Configuring done (8.6s)
-- Generating done (0.2s)
CMake Warning:
  Manually-specified variables were not used by the project:

    FETCHCONTENT_FULLY_DISCONNECTED
    _VCPKG_ROOT_DIR


-- Build files have been written to: C:/Users/Nathan/Documents/GitHub/SHMUP after GC/config/vcpkg_installed/vcpkg/blds/libflac/x64-windows-dbg
