[1/2] "C:/Program Files/Microsoft Visual Studio/2022/Community/Common7/IDE/CommonExtensions/Microsoft/CMake/CMake/bin/cmake.exe" -E chdir ".." "C:/Program Files/Microsoft Visual Studio/2022/Community/Common7/IDE/CommonExtensions/Microsoft/CMake/CMake/bin/cmake.exe" "C:/Users/Nathan/Documents/GitHub/SHMUP after GC/config/vcpkg_installed/vcpkg/blds/libogg/src/v1.3.5-1a4243fef9.clean" "-G" "Ninja" "-DCMAKE_BUILD_TYPE=Release" "-DCMAKE_INSTALL_PREFIX=C:/Users/Nathan/Documents/GitHub/SHMUP after GC/config/vcpkg_installed/vcpkg/pkgs/libogg_x64-windows" "-DFETCHCONTENT_FULLY_DISCONNECTED=ON" "-DINSTALL_DOCS=OFF" "-DINSTALL_PKG_CONFIG_MODULE=ON" "-DBUILD_TESTING=OFF" "-DCMAKE_MAKE_PROGRAM=C:/Program Files/Microsoft Visual Studio/2022/Community/Common7/IDE/CommonExtensions/Microsoft/CMake/Ninja/ninja.exe" "-DBUILD_SHARED_LIBS=ON" "-DVCPKG_CHAINLOAD_TOOLCHAIN_FILE=C:/Program Files/Microsoft Visual Studio/2022/Community/VC/vcpkg/scripts/toolchains/windows.cmake" "-DVCPKG_TARGET_TRIPLET=x64-windows" "-DVCPKG_SET_CHARSET_FLAG=ON" "-DVCPKG_PLATFORM_TOOLSET=v143" "-DCMAKE_EXPORT_NO_PACKAGE_REGISTRY=ON" "-DCMAKE_FIND_PACKAGE_NO_PACKAGE_REGISTRY=ON" "-DCMAKE_FIND_PACKAGE_NO_SYSTEM_PACKAGE_REGISTRY=ON" "-DCMAKE_INSTALL_SYSTEM_RUNTIME_LIBS_SKIP=TRUE" "-DCMAKE_VERBOSE_MAKEFILE=ON" "-DVCPKG_APPLOCAL_DEPS=OFF" "-DCMAKE_TOOLCHAIN_FILE=C:/Program Files/Microsoft Visual Studio/2022/Community/VC/vcpkg/scripts/buildsystems/vcpkg.cmake" "-DCMAKE_ERROR_ON_ABSOLUTE_INSTALL_DESTINATION=ON" "-DVCPKG_CXX_FLAGS=" "-DVCPKG_CXX_FLAGS_RELEASE=" "-DVCPKG_CXX_FLAGS_DEBUG=" "-DVCPKG_C_FLAGS=" "-DVCPKG_C_FLAGS_RELEASE=" "-DVCPKG_C_FLAGS_DEBUG=" "-DVCPKG_CRT_LINKAGE=dynamic" "-DVCPKG_LINKER_FLAGS=" "-DVCPKG_LINKER_FLAGS_RELEASE=" "-DVCPKG_LINKER_FLAGS_DEBUG=" "-DVCPKG_TARGET_ARCHITECTURE=x64" "-DCMAKE_INSTALL_LIBDIR:STRING=lib" "-DCMAKE_INSTALL_BINDIR:STRING=bin" "-D_VCPKG_ROOT_DIR=C:/Program Files/Microsoft Visual Studio/2022/Community/VC/vcpkg" "-D_VCPKG_INSTALLED_DIR=C:/Users/Nathan/Documents/GitHub/SHMUP after GC/config/vcpkg_installed" "-DVCPKG_MANIFEST_INSTALL=OFF"
CMake Deprecation Warning at CMakeLists.txt:1 (cmake_minimum_required):
  Compatibility with CMake < 3.10 will be removed from a future version of
  CMake.

  Update the VERSION argument <min> value.  Or, use the <min>...<max> syntax
  to tell CMake that the project requires at least <min> but has been updated
  to work with policies introduced by <max> or earlier.


-- The C compiler identification is MSVC 19.44.35207.1
-- The CXX compiler identification is MSVC 19.44.35207.1
-- Detecting C compiler ABI info
-- Detecting C compiler ABI info - done
-- Check for working C compiler: C:/Program Files/Microsoft Visual Studio/2022/Community/VC/Tools/MSVC/14.44.35207/bin/Hostx64/x64/cl.exe - skipped
-- Detecting C compile features
-- Detecting C compile features - done
-- Detecting CXX compiler ABI info
-- Detecting CXX compiler ABI info - done
-- Check for working CXX compiler: C:/Program Files/Microsoft Visual Studio/2022/Community/VC/Tools/MSVC/14.44.35207/bin/Hostx64/x64/cl.exe - skipped
-- Detecting CXX compile features
-- Detecting CXX compile features - done
-- Configuring libogg 1.3.5
-- Looking for include file inttypes.h
-- Looking for include file inttypes.h - found
-- Looking for include file stdint.h
-- Looking for include file stdint.h - found
-- Looking for include file sys/types.h
-- Looking for include file sys/types.h - found
-- Looking for sys/types.h
-- Looking for sys/types.h - found
-- Looking for stdint.h
-- Looking for stdint.h - found
-- Looking for stddef.h
-- Looking for stddef.h - found
-- Check size of int16_t
-- Check size of int16_t - done
-- Check size of uint16_t
-- Check size of uint16_t - done
-- Check size of u_int16_t
-- Check size of u_int16_t - failed
-- Check size of int32_t
-- Check size of int32_t - done
-- Check size of uint32_t
-- Check size of uint32_t - done
-- Check size of u_int32_t
-- Check size of u_int32_t - failed
-- Check size of int64_t
-- Check size of int64_t - done
-- Check size of short
-- Check size of short - done
-- Check size of int
-- Check size of int - done
-- Check size of long
-- Check size of long - done
-- Check size of long long
-- Check size of long long - done
-- Configuring done (9.9s)
-- Generating done (0.1s)
CMake Warning:
  Manually-specified variables were not used by the project:

    FETCHCONTENT_FULLY_DISCONNECTED
    _VCPKG_ROOT_DIR


-- Build files have been written to: C:/Users/Nathan/Documents/GitHub/SHMUP after GC/config/vcpkg_installed/vcpkg/blds/libogg/x64-windows-rel
[2/2] "C:/Program Files/Microsoft Visual Studio/2022/Community/Common7/IDE/CommonExtensions/Microsoft/CMake/CMake/bin/cmake.exe" -E chdir "../../x64-windows-dbg" "C:/Program Files/Microsoft Visual Studio/2022/Community/Common7/IDE/CommonExtensions/Microsoft/CMake/CMake/bin/cmake.exe" "C:/Users/Nathan/Documents/GitHub/SHMUP after GC/config/vcpkg_installed/vcpkg/blds/libogg/src/v1.3.5-1a4243fef9.clean" "-G" "Ninja" "-DCMAKE_BUILD_TYPE=Debug" "-DCMAKE_INSTALL_PREFIX=C:/Users/Nathan/Documents/GitHub/SHMUP after GC/config/vcpkg_installed/vcpkg/pkgs/libogg_x64-windows/debug" "-DFETCHCONTENT_FULLY_DISCONNECTED=ON" "-DINSTALL_DOCS=OFF" "-DINSTALL_PKG_CONFIG_MODULE=ON" "-DBUILD_TESTING=OFF" "-DCMAKE_MAKE_PROGRAM=C:/Program Files/Microsoft Visual Studio/2022/Community/Common7/IDE/CommonExtensions/Microsoft/CMake/Ninja/ninja.exe" "-DBUILD_SHARED_LIBS=ON" "-DVCPKG_CHAINLOAD_TOOLCHAIN_FILE=C:/Program Files/Microsoft Visual Studio/2022/Community/VC/vcpkg/scripts/toolchains/windows.cmake" "-DVCPKG_TARGET_TRIPLET=x64-windows" "-DVCPKG_SET_CHARSET_FLAG=ON" "-DVCPKG_PLATFORM_TOOLSET=v143" "-DCMAKE_EXPORT_NO_PACKAGE_REGISTRY=ON" "-DCMAKE_FIND_PACKAGE_NO_PACKAGE_REGISTRY=ON" "-DCMAKE_FIND_PACKAGE_NO_SYSTEM_PACKAGE_REGISTRY=ON" "-DCMAKE_INSTALL_SYSTEM_RUNTIME_LIBS_SKIP=TRUE" "-DCMAKE_VERBOSE_MAKEFILE=ON" "-DVCPKG_APPLOCAL_DEPS=OFF" "-DCMAKE_TOOLCHAIN_FILE=C:/Program Files/Microsoft Visual Studio/2022/Community/VC/vcpkg/scripts/buildsystems/vcpkg.cmake" "-DCMAKE_ERROR_ON_ABSOLUTE_INSTALL_DESTINATION=ON" "-DVCPKG_CXX_FLAGS=" "-DVCPKG_CXX_FLAGS_RELEASE=" "-DVCPKG_CXX_FLAGS_DEBUG=" "-DVCPKG_C_FLAGS=" "-DVCPKG_C_FLAGS_RELEASE=" "-DVCPKG_C_FLAGS_DEBUG=" "-DVCPKG_CRT_LINKAGE=dynamic" "-DVCPKG_LINKER_FLAGS=" "-DVCPKG_LINKER_FLAGS_RELEASE=" "-DVCPKG_LINKER_FLAGS_DEBUG=" "-DVCPKG_TARGET_ARCHITECTURE=x64" "-DCMAKE_INSTALL_LIBDIR:STRING=lib" "-DCMAKE_INSTALL_BINDIR:STRING=bin" "-D_VCPKG_ROOT_DIR=C:/Program Files/Microsoft Visual Studio/2022/Community/VC/vcpkg" "-D_VCPKG_INSTALLED_DIR=C:/Users/Nathan/Documents/GitHub/SHMUP after GC/config/vcpkg_installed" "-DVCPKG_MANIFEST_INSTALL=OFF"
CMake Deprecation Warning at CMakeLists.txt:1 (cmake_minimum_required):
  Compatibility with CMake < 3.10 will be removed from a future version of
  CMake.

  Update the VERSION argument <min> value.  Or, use the <min>...<max> syntax
  to tell CMake that the project requires at least <min> but has been updated
  to work with policies introduced by <max> or earlier.


-- The C compiler identification is MSVC 19.44.35207.1
-- The CXX compiler identification is MSVC 19.44.35207.1
-- Detecting C compiler ABI info
-- Detecting C compiler ABI info - done
-- Check for working C compiler: C:/Program Files/Microsoft Visual Studio/2022/Community/VC/Tools/MSVC/14.44.35207/bin/Hostx64/x64/cl.exe - skipped
-- Detecting C compile features
-- Detecting C compile features - done
-- Detecting CXX compiler ABI info
-- Detecting CXX compiler ABI info - done
-- Check for working CXX compiler: C:/Program Files/Microsoft Visual Studio/2022/Community/VC/Tools/MSVC/14.44.35207/bin/Hostx64/x64/cl.exe - skipped
-- Detecting CXX compile features
-- Detecting CXX compile features - done
-- Configuring libogg 1.3.5
-- Looking for include file inttypes.h
-- Looking for include file inttypes.h - found
-- Looking for include file stdint.h
-- Looking for include file stdint.h - found
-- Looking for include file sys/types.h
-- Looking for include file sys/types.h - found
-- Looking for sys/types.h
-- Looking for sys/types.h - found
-- Looking for stdint.h
-- Looking for stdint.h - found
-- Looking for stddef.h
-- Looking for stddef.h - found
-- Check size of int16_t
-- Check size of int16_t - done
-- Check size of uint16_t
-- Check size of uint16_t - done
-- Check size of u_int16_t
-- Check size of u_int16_t - failed
-- Check size of int32_t
-- Check size of int32_t - done
-- Check size of uint32_t
-- Check size of uint32_t - done
-- Check size of u_int32_t
-- Check size of u_int32_t - failed
-- Check size of int64_t
-- Check size of int64_t - done
-- Check size of short
-- Check size of short - done
-- Check size of int
-- Check size of int - done
-- Check size of long
-- Check size of long - done
-- Check size of long long
-- Check size of long long - done
-- Configuring done (9.9s)
-- Generating done (0.1s)
CMake Warning:
  Manually-specified variables were not used by the project:

    FETCHCONTENT_FULLY_DISCONNECTED
    _VCPKG_ROOT_DIR


-- Build files have been written to: C:/Users/Nathan/Documents/GitHub/SHMUP after GC/config/vcpkg_installed/vcpkg/blds/libogg/x64-windows-dbg
