[1/2] "C:/Program Files/Microsoft Visual Studio/2022/Community/Common7/IDE/CommonExtensions/Microsoft/CMake/CMake/bin/cmake.exe" -E chdir "../../x64-windows-dbg" "C:/Program Files/Microsoft Visual Studio/2022/Community/Common7/IDE/CommonExtensions/Microsoft/CMake/CMake/bin/cmake.exe" "C:/Users/Nathan/Documents/GitHub/SHMUP after GC/config/vcpkg_installed/vcpkg/blds/openal-soft/src/1.23.1-180897dbaa.clean" "-G" "Ninja" "-DCMAKE_BUILD_TYPE=Debug" "-DCMAKE_INSTALL_PREFIX=C:/Users/Nathan/Documents/GitHub/SHMUP after GC/config/vcpkg_installed/vcpkg/pkgs/openal-soft_x64-windows/debug" "-DFETCHCONTENT_FULLY_DISCONNECTED=ON" "-DALSOFT_BACKEND_PIPEWIRE=OFF" "-DLIBTYPE=SHARED" "-DALSOFT_UTILS=OFF" "-DALSOFT_NO_CONFIG_UTIL=ON" "-DALSOFT_EXAMPLES=OFF" "-DALSOFT_CONFIG=OFF" "-DALSOFT_HRTF_DEFS=OFF" "-DALSOFT_AMBDEC_PRESETS=OFF" "-DALSOFT_BACKEND_ALSA=OFF" "-DALSOFT_BACKEND_OSS=OFF" "-DALSOFT_BACKEND_SOLARIS=OFF" "-DALSOFT_BACKEND_SNDIO=OFF" "-DALSOFT_BACKEND_PORTAUDIO=OFF" "-DALSOFT_BACKEND_PULSEAUDIO=OFF" "-DALSOFT_BACKEND_COREAUDIO=OFF" "-DALSOFT_BACKEND_JACK=OFF" "-DALSOFT_BACKEND_OPENSL=" "-DALSOFT_BACKEND_WAVE=ON" "-DALSOFT_BACKEND_WINMM=OFF" "-DALSOFT_BACKEND_DSOUND=OFF" "-DALSOFT_REQUIRE_WASAPI=ON" "-DALSOFT_CPUEXT_NEON=OFF" "-DCMAKE_DISABLE_FIND_PACKAGE_WindowsSDK=ON" "-DCMAKE_MAKE_PROGRAM=C:/Program Files/Microsoft Visual Studio/2022/Community/Common7/IDE/CommonExtensions/Microsoft/CMake/Ninja/ninja.exe" "-DBUILD_SHARED_LIBS=ON" "-DVCPKG_CHAINLOAD_TOOLCHAIN_FILE=C:/Program Files/Microsoft Visual Studio/2022/Community/VC/vcpkg/scripts/toolchains/windows.cmake" "-DVCPKG_TARGET_TRIPLET=x64-windows" "-DVCPKG_SET_CHARSET_FLAG=ON" "-DVCPKG_PLATFORM_TOOLSET=v143" "-DCMAKE_EXPORT_NO_PACKAGE_REGISTRY=ON" "-DCMAKE_FIND_PACKAGE_NO_PACKAGE_REGISTRY=ON" "-DCMAKE_FIND_PACKAGE_NO_SYSTEM_PACKAGE_REGISTRY=ON" "-DCMAKE_INSTALL_SYSTEM_RUNTIME_LIBS_SKIP=TRUE" "-DCMAKE_VERBOSE_MAKEFILE=ON" "-DVCPKG_APPLOCAL_DEPS=OFF" "-DCMAKE_TOOLCHAIN_FILE=C:/Program Files/Microsoft Visual Studio/2022/Community/VC/vcpkg/scripts/buildsystems/vcpkg.cmake" "-DCMAKE_ERROR_ON_ABSOLUTE_INSTALL_DESTINATION=ON" "-DVCPKG_CXX_FLAGS=" "-DVCPKG_CXX_FLAGS_RELEASE=" "-DVCPKG_CXX_FLAGS_DEBUG=" "-DVCPKG_C_FLAGS=" "-DVCPKG_C_FLAGS_RELEASE=" "-DVCPKG_C_FLAGS_DEBUG=" "-DVCPKG_CRT_LINKAGE=dynamic" "-DVCPKG_LINKER_FLAGS=" "-DVCPKG_LINKER_FLAGS_RELEASE=" "-DVCPKG_LINKER_FLAGS_DEBUG=" "-DVCPKG_TARGET_ARCHITECTURE=x64" "-DCMAKE_INSTALL_LIBDIR:STRING=lib" "-DCMAKE_INSTALL_BINDIR:STRING=bin" "-D_VCPKG_ROOT_DIR=C:/Program Files/Microsoft Visual Studio/2022/Community/VC/vcpkg" "-D_VCPKG_INSTALLED_DIR=C:/Users/Nathan/Documents/GitHub/SHMUP after GC/config/vcpkg_installed" "-DVCPKG_MANIFEST_INSTALL=OFF"
CMake Deprecation Warning at CMakeLists.txt:3 (cmake_minimum_required):
  Compatibility with CMake < 3.10 will be removed from a future version of
  CMake.

  Update the VERSION argument <min> value.  Or, use the <min>...<max> syntax
  to tell CMake that the project requires at least <min> but has been updated
  to work with policies introduced by <max> or earlier.


-- The C compiler identification is MSVC 19.44.35207.1
-- The CXX compiler identification is MSVC 19.44.35207.1
-- Detecting C compiler ABI info
-- Detecting C compiler ABI info - done
-- Check for working C compiler: C:/Program Files/Microsoft Visual Studio/2022/Community/VC/Tools/MSVC/14.44.35207/bin/Hostx64/x64/cl.exe - skipped
-- Detecting C compile features
-- Detecting C compile features - done
-- Detecting CXX compiler ABI info
-- Detecting CXX compiler ABI info - done
-- Check for working CXX compiler: C:/Program Files/Microsoft Visual Studio/2022/Community/VC/Tools/MSVC/14.44.35207/bin/Hostx64/x64/cl.exe - skipped
-- Detecting CXX compile features
-- Detecting CXX compile features - done
-- Could NOT find PkgConfig (missing: PKG_CONFIG_EXECUTABLE) 
CMake Warning at CMakeLists.txt:137 (message):
  ALSOFT_CONFIG is deprecated.  Use ALSOFT_INSTALL_CONFIG instead


CMake Warning at CMakeLists.txt:140 (message):
  ALSOFT_HRTF_DEFS is deprecated.  Use ALSOFT_INSTALL_HRTF_DATA instead


CMake Warning at CMakeLists.txt:143 (message):
  ALSOFT_AMBDEC_PRESETS is deprecated.  Use ALSOFT_INSTALL_AMBDEC_PRESETS
  instead


-- Performing Test HAVE___RESTRICT
-- Performing Test HAVE___RESTRICT - Success
-- Performing Test HAVE_LIBATOMIC
-- Performing Test HAVE_LIBATOMIC - Failed
-- Performing Test HAVE_PERMISSIVE_SWITCH
-- Performing Test HAVE_PERMISSIVE_SWITCH - Success
-- Looking for xmmintrin.h
-- Looking for xmmintrin.h - found
-- Looking for emmintrin.h
-- Looking for emmintrin.h - found
-- Looking for pmmintrin.h
-- Looking for pmmintrin.h - found
-- Looking for smmintrin.h
-- Looking for smmintrin.h - found
-- Looking for arm_neon.h
-- Looking for arm_neon.h - not found
-- Performing Test HAVE_SSE_INTRINSICS
-- Performing Test HAVE_SSE_INTRINSICS - Success
-- Looking for malloc.h
-- Looking for malloc.h - found
-- Looking for cpuid.h
-- Looking for cpuid.h - not found
-- Looking for intrin.h
-- Looking for intrin.h - found
-- Looking for guiddef.h
-- Looking for guiddef.h - found
-- Looking for pow in m
-- Looking for pow in m - not found
-- Looking for clock_gettime in rt
-- Looking for clock_gettime in rt - not found
-- Looking for dlfcn.h
-- Looking for dlfcn.h - not found
-- Looking for dlopen in dl
-- Looking for dlopen in dl - not found
-- Performing Test HAVE_CPUID_INTRINSIC
-- Performing Test HAVE_CPUID_INTRINSIC - Success
-- Looking for posix_memalign
-- Looking for posix_memalign - not found
-- Looking for _aligned_malloc
-- Looking for _aligned_malloc - found
-- Looking for proc_pidpath
-- Looking for proc_pidpath - not found
-- Looking for getopt
-- Looking for getopt - not found
-- Looking for mmdeviceapi.h
-- Looking for mmdeviceapi.h - found
-- Found Git: C:/Program Files/Git/cmd/git.exe (found version "2.47.0.windows.2")
-- 
-- Building OpenAL with support for the following backends:
--     WASAPI, WaveFile, Null
-- 
-- Building with support for CPU extensions:
--     Default, SSE, SSE2, SSE3, SSE4.1
-- 
-- Building with legacy EAX extension support
-- 
-- Embedding HRTF datasets
-- 
-- Installing library and headers
-- Installing sample configuration
-- Installing HRTF data files
-- Installing AmbDec presets
-- 
-- Configuring done (11.7s)
-- Generating done (0.1s)
CMake Warning:
  Manually-specified variables were not used by the project:

    ALSOFT_AMBDEC_PRESETS
    ALSOFT_BACKEND_ALSA
    ALSOFT_BACKEND_OSS
    ALSOFT_BACKEND_SNDIO
    ALSOFT_BACKEND_SOLARIS
    ALSOFT_CONFIG
    ALSOFT_HRTF_DEFS
    CMAKE_DISABLE_FIND_PACKAGE_WindowsSDK
    FETCHCONTENT_FULLY_DISCONNECTED
    _VCPKG_ROOT_DIR


-- Build files have been written to: C:/Users/Nathan/Documents/GitHub/SHMUP after GC/config/vcpkg_installed/vcpkg/blds/openal-soft/x64-windows-dbg
[2/2] "C:/Program Files/Microsoft Visual Studio/2022/Community/Common7/IDE/CommonExtensions/Microsoft/CMake/CMake/bin/cmake.exe" -E chdir ".." "C:/Program Files/Microsoft Visual Studio/2022/Community/Common7/IDE/CommonExtensions/Microsoft/CMake/CMake/bin/cmake.exe" "C:/Users/Nathan/Documents/GitHub/SHMUP after GC/config/vcpkg_installed/vcpkg/blds/openal-soft/src/1.23.1-180897dbaa.clean" "-G" "Ninja" "-DCMAKE_BUILD_TYPE=Release" "-DCMAKE_INSTALL_PREFIX=C:/Users/Nathan/Documents/GitHub/SHMUP after GC/config/vcpkg_installed/vcpkg/pkgs/openal-soft_x64-windows" "-DFETCHCONTENT_FULLY_DISCONNECTED=ON" "-DALSOFT_BACKEND_PIPEWIRE=OFF" "-DLIBTYPE=SHARED" "-DALSOFT_UTILS=OFF" "-DALSOFT_NO_CONFIG_UTIL=ON" "-DALSOFT_EXAMPLES=OFF" "-DALSOFT_CONFIG=OFF" "-DALSOFT_HRTF_DEFS=OFF" "-DALSOFT_AMBDEC_PRESETS=OFF" "-DALSOFT_BACKEND_ALSA=OFF" "-DALSOFT_BACKEND_OSS=OFF" "-DALSOFT_BACKEND_SOLARIS=OFF" "-DALSOFT_BACKEND_SNDIO=OFF" "-DALSOFT_BACKEND_PORTAUDIO=OFF" "-DALSOFT_BACKEND_PULSEAUDIO=OFF" "-DALSOFT_BACKEND_COREAUDIO=OFF" "-DALSOFT_BACKEND_JACK=OFF" "-DALSOFT_BACKEND_OPENSL=" "-DALSOFT_BACKEND_WAVE=ON" "-DALSOFT_BACKEND_WINMM=OFF" "-DALSOFT_BACKEND_DSOUND=OFF" "-DALSOFT_REQUIRE_WASAPI=ON" "-DALSOFT_CPUEXT_NEON=OFF" "-DCMAKE_DISABLE_FIND_PACKAGE_WindowsSDK=ON" "-DCMAKE_MAKE_PROGRAM=C:/Program Files/Microsoft Visual Studio/2022/Community/Common7/IDE/CommonExtensions/Microsoft/CMake/Ninja/ninja.exe" "-DBUILD_SHARED_LIBS=ON" "-DVCPKG_CHAINLOAD_TOOLCHAIN_FILE=C:/Program Files/Microsoft Visual Studio/2022/Community/VC/vcpkg/scripts/toolchains/windows.cmake" "-DVCPKG_TARGET_TRIPLET=x64-windows" "-DVCPKG_SET_CHARSET_FLAG=ON" "-DVCPKG_PLATFORM_TOOLSET=v143" "-DCMAKE_EXPORT_NO_PACKAGE_REGISTRY=ON" "-DCMAKE_FIND_PACKAGE_NO_PACKAGE_REGISTRY=ON" "-DCMAKE_FIND_PACKAGE_NO_SYSTEM_PACKAGE_REGISTRY=ON" "-DCMAKE_INSTALL_SYSTEM_RUNTIME_LIBS_SKIP=TRUE" "-DCMAKE_VERBOSE_MAKEFILE=ON" "-DVCPKG_APPLOCAL_DEPS=OFF" "-DCMAKE_TOOLCHAIN_FILE=C:/Program Files/Microsoft Visual Studio/2022/Community/VC/vcpkg/scripts/buildsystems/vcpkg.cmake" "-DCMAKE_ERROR_ON_ABSOLUTE_INSTALL_DESTINATION=ON" "-DVCPKG_CXX_FLAGS=" "-DVCPKG_CXX_FLAGS_RELEASE=" "-DVCPKG_CXX_FLAGS_DEBUG=" "-DVCPKG_C_FLAGS=" "-DVCPKG_C_FLAGS_RELEASE=" "-DVCPKG_C_FLAGS_DEBUG=" "-DVCPKG_CRT_LINKAGE=dynamic" "-DVCPKG_LINKER_FLAGS=" "-DVCPKG_LINKER_FLAGS_RELEASE=" "-DVCPKG_LINKER_FLAGS_DEBUG=" "-DVCPKG_TARGET_ARCHITECTURE=x64" "-DCMAKE_INSTALL_LIBDIR:STRING=lib" "-DCMAKE_INSTALL_BINDIR:STRING=bin" "-D_VCPKG_ROOT_DIR=C:/Program Files/Microsoft Visual Studio/2022/Community/VC/vcpkg" "-D_VCPKG_INSTALLED_DIR=C:/Users/Nathan/Documents/GitHub/SHMUP after GC/config/vcpkg_installed" "-DVCPKG_MANIFEST_INSTALL=OFF"
CMake Deprecation Warning at CMakeLists.txt:3 (cmake_minimum_required):
  Compatibility with CMake < 3.10 will be removed from a future version of
  CMake.

  Update the VERSION argument <min> value.  Or, use the <min>...<max> syntax
  to tell CMake that the project requires at least <min> but has been updated
  to work with policies introduced by <max> or earlier.


-- The C compiler identification is MSVC 19.44.35207.1
-- The CXX compiler identification is MSVC 19.44.35207.1
-- Detecting C compiler ABI info
-- Detecting C compiler ABI info - done
-- Check for working C compiler: C:/Program Files/Microsoft Visual Studio/2022/Community/VC/Tools/MSVC/14.44.35207/bin/Hostx64/x64/cl.exe - skipped
-- Detecting C compile features
-- Detecting C compile features - done
-- Detecting CXX compiler ABI info
-- Detecting CXX compiler ABI info - done
-- Check for working CXX compiler: C:/Program Files/Microsoft Visual Studio/2022/Community/VC/Tools/MSVC/14.44.35207/bin/Hostx64/x64/cl.exe - skipped
-- Detecting CXX compile features
-- Detecting CXX compile features - done
-- Could NOT find PkgConfig (missing: PKG_CONFIG_EXECUTABLE) 
CMake Warning at CMakeLists.txt:137 (message):
  ALSOFT_CONFIG is deprecated.  Use ALSOFT_INSTALL_CONFIG instead


CMake Warning at CMakeLists.txt:140 (message):
  ALSOFT_HRTF_DEFS is deprecated.  Use ALSOFT_INSTALL_HRTF_DATA instead


CMake Warning at CMakeLists.txt:143 (message):
  ALSOFT_AMBDEC_PRESETS is deprecated.  Use ALSOFT_INSTALL_AMBDEC_PRESETS
  instead


-- Performing Test HAVE___RESTRICT
-- Performing Test HAVE___RESTRICT - Success
-- Performing Test HAVE_LIBATOMIC
-- Performing Test HAVE_LIBATOMIC - Failed
-- Performing Test HAVE_PERMISSIVE_SWITCH
-- Performing Test HAVE_PERMISSIVE_SWITCH - Success
-- Looking for xmmintrin.h
-- Looking for xmmintrin.h - found
-- Looking for emmintrin.h
-- Looking for emmintrin.h - found
-- Looking for pmmintrin.h
-- Looking for pmmintrin.h - found
-- Looking for smmintrin.h
-- Looking for smmintrin.h - found
-- Looking for arm_neon.h
-- Looking for arm_neon.h - not found
-- Performing Test HAVE_SSE_INTRINSICS
-- Performing Test HAVE_SSE_INTRINSICS - Success
-- Looking for malloc.h
-- Looking for malloc.h - found
-- Looking for cpuid.h
-- Looking for cpuid.h - not found
-- Looking for intrin.h
-- Looking for intrin.h - found
-- Looking for guiddef.h
-- Looking for guiddef.h - found
-- Looking for pow in m
-- Looking for pow in m - not found
-- Looking for clock_gettime in rt
-- Looking for clock_gettime in rt - not found
-- Looking for dlfcn.h
-- Looking for dlfcn.h - not found
-- Looking for dlopen in dl
-- Looking for dlopen in dl - not found
-- Performing Test HAVE_CPUID_INTRINSIC
-- Performing Test HAVE_CPUID_INTRINSIC - Success
-- Looking for posix_memalign
-- Looking for posix_memalign - not found
-- Looking for _aligned_malloc
-- Looking for _aligned_malloc - found
-- Looking for proc_pidpath
-- Looking for proc_pidpath - not found
-- Looking for getopt
-- Looking for getopt - not found
-- Looking for mmdeviceapi.h
-- Looking for mmdeviceapi.h - found
-- Found Git: C:/Program Files/Git/cmd/git.exe (found version "2.47.0.windows.2")
-- 
-- Building OpenAL with support for the following backends:
--     WASAPI, WaveFile, Null
-- 
-- Building with support for CPU extensions:
--     Default, SSE, SSE2, SSE3, SSE4.1
-- 
-- Building with legacy EAX extension support
-- 
-- Embedding HRTF datasets
-- 
-- Installing library and headers
-- Installing sample configuration
-- Installing HRTF data files
-- Installing AmbDec presets
-- 
-- Configuring done (11.7s)
-- Generating done (0.1s)
CMake Warning:
  Manually-specified variables were not used by the project:

    ALSOFT_AMBDEC_PRESETS
    ALSOFT_BACKEND_ALSA
    ALSOFT_BACKEND_OSS
    ALSOFT_BACKEND_SNDIO
    ALSOFT_BACKEND_SOLARIS
    ALSOFT_CONFIG
    ALSOFT_HRTF_DEFS
    CMAKE_DISABLE_FIND_PACKAGE_WindowsSDK
    FETCHCONTENT_FULLY_DISCONNECTED
    _VCPKG_ROOT_DIR


-- Build files have been written to: C:/Users/Nathan/Documents/GitHub/SHMUP after GC/config/vcpkg_installed/vcpkg/blds/openal-soft/x64-windows-rel
